#
# There is insufficient memory for the Java Runtime Environment to continue.
# Native memory allocation (malloc) failed to allocate 855136 bytes for Chunk::new
# Possible reasons:
#   The system is out of physical RAM or swap space
#   In 32 bit mode, the process size limit was hit
# Possible solutions:
#   Reduce memory load on the system
#   Increase physical memory or swap space
#   Check if swap backing store is full
#   Use 64 bit Java on a 64 bit OS
#   Decrease Java heap size (-Xmx/-Xms)
#   Decrease number of Java threads
#   Decrease Java thread stack sizes (-Xss)
#   Set larger code cache with -XX:ReservedCodeCacheSize=
# This output file may be truncated or incomplete.
#
#  Out of Memory Error (allocation.cpp:390), pid=14876, tid=0x00000000000039f0
#
# JRE version: OpenJDK Runtime Environment (8.0_152-b02) (build 1.8.0_152-release-1024-b02)
# Java VM: OpenJDK 64-Bit Server VM (25.152-b02 mixed mode windows-amd64 compressed oops)
# Failed to write core dump. Minidumps are not enabled by default on client versions of Windows
#

---------------  T H R E A D  ---------------

Current thread (0x00000000166fa000):  JavaThread "C2 CompilerThread0" daemon [_thread_in_native, id=14832, stack(0x0000000017d60000,0x0000000017e60000)]

Stack: [0x0000000017d60000,0x0000000017e60000]
[error occurred during error reporting (printing stack bounds), id 0xc0000005]

Native frames: (J=compiled Java code, j=interpreted, Vv=VM code, C=native code)


Current CompileTask:
C2:  40210 11050       4       java.nio.file.FileTreeIterator::fetchNextIfNeeded (65 bytes)


---------------  P R O C E S S  ---------------

Java Threads: ( => current thread )
  0x000000001b9c3000 JavaThread "ForkJoinPool.commonPool-worker-3" daemon [_thread_in_native, id=12540, stack(0x0000000024570000,0x0000000024670000)]
  0x000000001b9c2000 JavaThread "ForkJoinPool.commonPool-worker-2" daemon [_thread_blocked, id=14604, stack(0x0000000024470000,0x0000000024570000)]
  0x000000001b9c0800 JavaThread "ForkJoinPool.commonPool-worker-1" daemon [_thread_blocked, id=6616, stack(0x0000000024370000,0x0000000024470000)]
  0x000000001891e000 JavaThread "Cache worker for Java compile cache (C:\Users\Cchiv\Desktop\Jiggles\jiggles_native\.gradle\4.6\javaCompile)" [_thread_blocked, id=15076, stack(0x0000000023870000,0x0000000023970000)]
  0x000000001891a000 JavaThread "Task worker for ':' Thread 3" [_thread_blocked, id=68, stack(0x00000000222d0000,0x00000000223d0000)]
  0x000000001891d000 JavaThread "Task worker for ':' Thread 2" [_thread_blocked, id=14468, stack(0x00000000221d0000,0x00000000222d0000)]
  0x0000000018914000 JavaThread "Task worker for ':'" [_thread_blocked, id=10492, stack(0x00000000220d0000,0x00000000221d0000)]
  0x0000000018912800 JavaThread "Cache worker for Build Output Cleanup Cache (C:\Users\Cchiv\Desktop\Jiggles\jiggles_native\.gradle\buildOutputCleanup)" [_thread_blocked, id=2616, stack(0x0000000021fd0000,0x00000000220d0000)]
  0x0000000018916800 JavaThread "Cache worker for task history cache (C:\Users\Cchiv\Desktop\Jiggles\jiggles_native\.gradle\4.6\taskHistory)" [_thread_blocked, id=14112, stack(0x00000000217e0000,0x00000000218e0000)]
  0x0000000018919800 JavaThread "Cache worker for file content cache (C:\Users\Cchiv\Desktop\Jiggles\jiggles_native\.gradle\4.6\fileContent)" [_thread_blocked, id=15252, stack(0x00000000214b0000,0x00000000215b0000)]
  0x0000000018915000 JavaThread "Memory manager" [_thread_blocked, id=15188, stack(0x0000000020960000,0x0000000020a60000)]
  0x0000000018da8000 JavaThread "Build operations Thread 4" [_thread_blocked, id=14192, stack(0x0000000020660000,0x0000000020760000)]
  0x0000000018da6800 JavaThread "Build operations Thread 3" [_thread_blocked, id=8724, stack(0x0000000020560000,0x0000000020660000)]
  0x0000000018da5000 JavaThread "Build operations Thread 2" [_thread_blocked, id=14828, stack(0x0000000020460000,0x0000000020560000)]
  0x0000000018da2800 JavaThread "Build operations" [_thread_blocked, id=12016, stack(0x0000000020360000,0x0000000020460000)]
  0x0000000018da7000 JavaThread "Cache worker for Artifact transforms cache (C:\Users\Cchiv\.gradle\caches\transforms-1)" [_thread_blocked, id=15232, stack(0x0000000020060000,0x0000000020160000)]
  0x000000001989e800 JavaThread "Cache worker for file hash cache (C:\Users\Cchiv\Desktop\Jiggles\jiggles_native\.gradle\4.6\fileHashes)" [_thread_blocked, id=14148, stack(0x000000001c280000,0x000000001c380000)]
  0x00000000192ff800 JavaThread "File lock request listener" [_thread_in_native, id=6856, stack(0x000000001b1b0000,0x000000001b2b0000)]
  0x0000000019a12800 JavaThread "Cache worker for file hash cache (C:\Users\Cchiv\.gradle\caches\4.6\fileHashes)" [_thread_blocked, id=6072, stack(0x000000001b0b0000,0x000000001b1b0000)]
  0x00000000196be800 JavaThread "Stdin handler" [_thread_blocked, id=7788, stack(0x000000001adb0000,0x000000001aeb0000)]
  0x0000000019709800 JavaThread "Asynchronous log dispatcher for DefaultDaemonConnection: socket connection from /127.0.0.1:52035 to /127.0.0.1:52036" [_thread_blocked, id=7708, stack(0x000000001acb0000,0x000000001adb0000)]
  0x00000000195a6800 JavaThread "Daemon worker" [_thread_blocked, id=5884, stack(0x000000001abb0000,0x000000001acb0000)]
  0x000000001970c800 JavaThread "Cancel handler" [_thread_blocked, id=13148, stack(0x000000001aab0000,0x000000001abb0000)]
  0x0000000019692800 JavaThread "Handler for socket connection from /127.0.0.1:52035 to /127.0.0.1:52036" [_thread_in_native, id=12468, stack(0x000000001a7b0000,0x000000001a8b0000)]
  0x000000001968f800 JavaThread "Daemon" [_thread_blocked, id=764, stack(0x000000001a6b0000,0x000000001a7b0000)]
  0x0000000019695800 JavaThread "Daemon periodic checks" [_thread_blocked, id=6176, stack(0x000000001a5b0000,0x000000001a6b0000)]
  0x000000001957d800 JavaThread "Incoming local TCP Connector on port 52035" [_thread_in_native, id=7332, stack(0x000000001a370000,0x000000001a470000)]
  0x000000001808b000 JavaThread "Service Thread" daemon [_thread_blocked, id=15160, stack(0x0000000018460000,0x0000000018560000)]
  0x000000001670b000 JavaThread "C1 CompilerThread2" daemon [_thread_blocked, id=9844, stack(0x0000000017f60000,0x0000000018060000)]
  0x00000000166fd000 JavaThread "C2 CompilerThread1" daemon [_thread_in_native, id=12632, stack(0x0000000017e60000,0x0000000017f60000)]
=>0x00000000166fa000 JavaThread "C2 CompilerThread0" daemon [_thread_in_native, id=14832, stack(0x0000000017d60000,0x0000000017e60000)]
  0x00000000166f8800 JavaThread "Attach Listener" daemon [_thread_blocked, id=6232, stack(0x0000000017c60000,0x0000000017d60000)]
  0x0000000016705000 JavaThread "Signal Dispatcher" daemon [_thread_blocked, id=12792, stack(0x0000000017b60000,0x0000000017c60000)]
  0x0000000002d8c800 JavaThread "Finalizer" daemon [_thread_blocked, id=14824, stack(0x0000000017970000,0x0000000017a70000)]
  0x0000000002d81800 JavaThread "Reference Handler" daemon [_thread_blocked, id=5756, stack(0x0000000017870000,0x0000000017970000)]
  0x000000000139e000 JavaThread "main" [_thread_blocked, id=504, stack(0x0000000002b90000,0x0000000002c90000)]

Other Threads:
  0x00000000166c5000 VMThread [stack: 0x0000000017770000,0x0000000017870000] [id=14380]
  0x000000001675e800 WatcherThread [stack: 0x0000000018560000,0x0000000018660000] [id=11972]

VM state:not at safepoint (normal execution)

VM Mutex/Monitor currently owned by a thread:  ([mutex/lock_event])
[0x0000000001398a00] CodeCache_lock - owner thread: 0x000000001670b000
[0x0000000002c90450] Compile_lock - owner thread: 0x0000000000000000

Heap:
 PSYoungGen      total 206848K, used 82182K [0x00000000e0000000, 0x00000000f1880000, 0x0000000100000000)
  eden space 174080K, 28% used [0x00000000e0000000,0x00000000e3043370,0x00000000eaa00000)
  from space 32768K, 99% used [0x00000000eaa00000,0x00000000ec9fe790,0x00000000eca00000)
  to   space 45056K, 0% used [0x00000000eec80000,0x00000000eec80000,0x00000000f1880000)
 ParOldGen       total 156160K, used 68437K [0x00000000a0000000, 0x00000000a9880000, 0x00000000e0000000)
  object space 156160K, 43% used [0x00000000a0000000,0x00000000a42d5748,0x00000000a9880000)
 Metaspace       used 66955K, capacity 68915K, committed 68952K, reserved 1110016K
  class space    used 8850K, capacity 9343K, committed 9344K, reserved 1048576K

Card table byte_map: [0x0000000012150000,0x0000000012460000] byte_map_base: 0x0000000011c50000

Marking Bits: (ParMarkBitMap*) 0x00000000525c4970
 Begin Bits: [0x0000000012a60000, 0x0000000014260000)
 End Bits:   [0x0000000014260000, 0x0000000015a60000)

Polling page: 0x0000000000e50000

CodeCache: size=245760Kb used=32560Kb max_used=33256Kb free=213199Kb
 bounds [0x0000000002d90000, 0x0000000004e90000, 0x0000000011d90000]
 total_blobs=9865 nmethods=9056 adapters=720
 compilation: enabled

Compilation events (10 events):
Event: 40.122 Thread 0x000000001670b000 nmethod 11058 0x0000000003855590 code [0x0000000003855920, 0x0000000003857da8]
Event: 40.128 Thread 0x00000000166fd000 nmethod 11043 0x00000000040648d0 code [0x0000000004064b80, 0x00000000040676c0]
Event: 40.128 Thread 0x00000000166fd000 11057   !   4       java.nio.file.FileTreeWalker::next (144 bytes)
Event: 40.190 Thread 0x000000001670b000 11059       3       java.util.Arrays::hashCode (44 bytes)
Event: 40.190 Thread 0x000000001670b000 nmethod 11059 0x0000000003877510 code [0x0000000003877680, 0x00000000038778d0]
Event: 40.193 Thread 0x000000001670b000 11060       3       com.android.tools.r8.graph.DexString::countBytes (78 bytes)
Event: 40.194 Thread 0x000000001670b000 nmethod 11060 0x0000000004180650 code [0x00000000041807e0, 0x0000000004180de8]
Event: 40.194 Thread 0x000000001670b000 11061       3       com.android.tools.r8.graph.DexString::encodeToMutf8 (162 bytes)
Event: 40.195 Thread 0x000000001670b000 nmethod 11061 0x000000000419c2d0 code [0x000000000419c480, 0x000000000419cc38]
Event: 40.195 Thread 0x000000001670b000 11062       3       com.android.tools.r8.graph.CachedHashValueDexItem::hashCode (29 bytes)

GC Heap History (10 events):
Event: 15.320 GC heap before
{Heap before GC invocations=16 (full 2):
 PSYoungGen      total 132608K, used 57318K [0x00000000e0000000, 0x00000000eb880000, 0x0000000100000000)
  eden space 114688K, 34% used [0x00000000e0000000,0x00000000e267c328,0x00000000e7000000)
  from space 17920K, 99% used [0x00000000e7000000,0x00000000e817d540,0x00000000e8180000)
  to   space 23040K, 0% used [0x00000000ea200000,0x00000000ea200000,0x00000000eb880000)
 ParOldGen       total 96768K, used 33549K [0x00000000a0000000, 0x00000000a5e80000, 0x00000000e0000000)
  object space 96768K, 34% used [0x00000000a0000000,0x00000000a20c3548,0x00000000a5e80000)
 Metaspace       used 57165K, capacity 58821K, committed 58968K, reserved 1099776K
  class space    used 7817K, capacity 8222K, committed 8320K, reserved 1048576K
Event: 15.349 GC heap after
Heap after GC invocations=16 (full 2):
 PSYoungGen      total 166400K, used 13024K [0x00000000e0000000, 0x00000000ebc80000, 0x0000000100000000)
  eden space 143360K, 0% used [0x00000000e0000000,0x00000000e0000000,0x00000000e8c00000)
  from space 23040K, 56% used [0x00000000ea200000,0x00000000eaeb8248,0x00000000eb880000)
  to   space 22528K, 0% used [0x00000000e8c00000,0x00000000e8c00000,0x00000000ea200000)
 ParOldGen       total 96768K, used 41052K [0x00000000a0000000, 0x00000000a5e80000, 0x00000000e0000000)
  object space 96768K, 42% used [0x00000000a0000000,0x00000000a28170d0,0x00000000a5e80000)
 Metaspace       used 57165K, capacity 58821K, committed 58968K, reserved 1099776K
  class space    used 7817K, capacity 8222K, committed 8320K, reserved 1048576K
}
Event: 15.349 GC heap before
{Heap before GC invocations=17 (full 3):
 PSYoungGen      total 166400K, used 13024K [0x00000000e0000000, 0x00000000ebc80000, 0x0000000100000000)
  eden space 143360K, 0% used [0x00000000e0000000,0x00000000e0000000,0x00000000e8c00000)
  from space 23040K, 56% used [0x00000000ea200000,0x00000000eaeb8248,0x00000000eb880000)
  to   space 22528K, 0% used [0x00000000e8c00000,0x00000000e8c00000,0x00000000ea200000)
 ParOldGen       total 96768K, used 41052K [0x00000000a0000000, 0x00000000a5e80000, 0x00000000e0000000)
  object space 96768K, 42% used [0x00000000a0000000,0x00000000a28170d0,0x00000000a5e80000)
 Metaspace       used 57165K, capacity 58821K, committed 58968K, reserved 1099776K
  class space    used 7817K, capacity 8222K, committed 8320K, reserved 1048576K
Event: 15.726 GC heap after
Heap after GC invocations=17 (full 3):
 PSYoungGen      total 166400K, used 0K [0x00000000e0000000, 0x00000000ebc80000, 0x0000000100000000)
  eden space 143360K, 0% used [0x00000000e0000000,0x00000000e0000000,0x00000000e8c00000)
  from space 23040K, 0% used [0x00000000ea200000,0x00000000ea200000,0x00000000eb880000)
  to   space 22528K, 0% used [0x00000000e8c00000,0x00000000e8c00000,0x00000000ea200000)
 ParOldGen       total 156160K, used 42249K [0x00000000a0000000, 0x00000000a9880000, 0x00000000e0000000)
  object space 156160K, 27% used [0x00000000a0000000,0x00000000a29424c0,0x00000000a9880000)
 Metaspace       used 57165K, capacity 58821K, committed 58968K, reserved 1099776K
  class space    used 7817K, capacity 8222K, committed 8320K, reserved 1048576K
}
Event: 22.284 GC heap before
{Heap before GC invocations=18 (full 3):
 PSYoungGen      total 166400K, used 143360K [0x00000000e0000000, 0x00000000ebc80000, 0x0000000100000000)
  eden space 143360K, 100% used [0x00000000e0000000,0x00000000e8c00000,0x00000000e8c00000)
  from space 23040K, 0% used [0x00000000ea200000,0x00000000ea200000,0x00000000eb880000)
  to   space 22528K, 0% used [0x00000000e8c00000,0x00000000e8c00000,0x00000000ea200000)
 ParOldGen       total 156160K, used 42249K [0x00000000a0000000, 0x00000000a9880000, 0x00000000e0000000)
  object space 156160K, 27% used [0x00000000a0000000,0x00000000a29424c0,0x00000000a9880000)
 Metaspace       used 63559K, capacity 65273K, committed 65496K, reserved 1105920K
  class space    used 8470K, capacity 8902K, committed 8960K, reserved 1048576K
Event: 22.413 GC heap after
Heap after GC invocations=18 (full 3):
 PSYoungGen      total 165888K, used 22523K [0x00000000e0000000, 0x00000000ee600000, 0x0000000100000000)
  eden space 143360K, 0% used [0x00000000e0000000,0x00000000e0000000,0x00000000e8c00000)
  from space 22528K, 99% used [0x00000000e8c00000,0x00000000ea1fecb0,0x00000000ea200000)
  to   space 28160K, 0% used [0x00000000eca80000,0x00000000eca80000,0x00000000ee600000)
 ParOldGen       total 156160K, used 48279K [0x00000000a0000000, 0x00000000a9880000, 0x00000000e0000000)
  object space 156160K, 30% used [0x00000000a0000000,0x00000000a2f25fe0,0x00000000a9880000)
 Metaspace       used 63559K, capacity 65273K, committed 65496K, reserved 1105920K
  class space    used 8470K, capacity 8902K, committed 8960K, reserved 1048576K
}
Event: 33.065 GC heap before
{Heap before GC invocations=19 (full 3):
 PSYoungGen      total 165888K, used 165883K [0x00000000e0000000, 0x00000000ee600000, 0x0000000100000000)
  eden space 143360K, 100% used [0x00000000e0000000,0x00000000e8c00000,0x00000000e8c00000)
  from space 22528K, 99% used [0x00000000e8c00000,0x00000000ea1fecb0,0x00000000ea200000)
  to   space 28160K, 0% used [0x00000000eca80000,0x00000000eca80000,0x00000000ee600000)
 ParOldGen       total 156160K, used 48279K [0x00000000a0000000, 0x00000000a9880000, 0x00000000e0000000)
  object space 156160K, 30% used [0x00000000a0000000,0x00000000a2f25fe0,0x00000000a9880000)
 Metaspace       used 65820K, capacity 67675K, committed 67800K, reserved 1107968K
  class space    used 8699K, capacity 9181K, committed 9216K, reserved 1048576K
Event: 33.101 GC heap after
Heap after GC invocations=19 (full 3):
 PSYoungGen      total 202240K, used 28128K [0x00000000e0000000, 0x00000000eea00000, 0x0000000100000000)
  eden space 174080K, 0% used [0x00000000e0000000,0x00000000e0000000,0x00000000eaa00000)
  from space 28160K, 99% used [0x00000000eca80000,0x00000000ee5f8258,0x00000000ee600000)
  to   space 32768K, 0% used [0x00000000eaa00000,0x00000000eaa00000,0x00000000eca00000)
 ParOldGen       total 156160K, used 49852K [0x00000000a0000000, 0x00000000a9880000, 0x00000000e0000000)
  object space 156160K, 31% used [0x00000000a0000000,0x00000000a30af338,0x00000000a9880000)
 Metaspace       used 65820K, capacity 67675K, committed 67800K, reserved 1107968K
  class space    used 8699K, capacity 9181K, committed 9216K, reserved 1048576K
}
Event: 39.689 GC heap before
{Heap before GC invocations=20 (full 3):
 PSYoungGen      total 202240K, used 202208K [0x00000000e0000000, 0x00000000eea00000, 0x0000000100000000)
  eden space 174080K, 100% used [0x00000000e0000000,0x00000000eaa00000,0x00000000eaa00000)
  from space 28160K, 99% used [0x00000000eca80000,0x00000000ee5f8258,0x00000000ee600000)
  to   space 32768K, 0% used [0x00000000eaa00000,0x00000000eaa00000,0x00000000eca00000)
 ParOldGen       total 156160K, used 49852K [0x00000000a0000000, 0x00000000a9880000, 0x00000000e0000000)
  object space 156160K, 31% used [0x00000000a0000000,0x00000000a30af338,0x00000000a9880000)
 Metaspace       used 66150K, capacity 68061K, committed 68184K, reserved 1107968K
  class space    used 8740K, capacity 9224K, committed 9344K, reserved 1048576K
Event: 39.749 GC heap after
Heap after GC invocations=20 (full 3):
 PSYoungGen      total 206848K, used 32761K [0x00000000e0000000, 0x00000000f1880000, 0x0000000100000000)
  eden space 174080K, 0% used [0x00000000e0000000,0x00000000e0000000,0x00000000eaa00000)
  from space 32768K, 99% used [0x00000000eaa00000,0x00000000ec9fe790,0x00000000eca00000)
  to   space 45056K, 0% used [0x00000000eec80000,0x00000000eec80000,0x00000000f1880000)
 ParOldGen       total 156160K, used 68437K [0x00000000a0000000, 0x00000000a9880000, 0x00000000e0000000)
  object space 156160K, 43% used [0x00000000a0000000,0x00000000a42d5748,0x00000000a9880000)
 Metaspace       used 66150K, capacity 68061K, committed 68184K, reserved 1107968K
  class space    used 8740K, capacity 9224K, committed 9344K, reserved 1048576K
}

Deoptimization events (10 events):
Event: 34.526 Thread 0x000000001b9c2000 Uncommon trap: reason=class_check action=maybe_recompile pc=0x0000000004e47164 method=org.objectweb.asm.ClassReader.readCode(Lorg/objectweb/asm/MethodVisitor;Lorg/objectweb/asm/Context;I)V @ 2753
Event: 34.526 Thread 0x000000001b9c2000 Uncommon trap: reason=class_check action=maybe_recompile pc=0x0000000004e47164 method=org.objectweb.asm.ClassReader.readCode(Lorg/objectweb/asm/MethodVisitor;Lorg/objectweb/asm/Context;I)V @ 2753
Event: 34.548 Thread 0x000000001b9c2000 Uncommon trap: reason=class_check action=maybe_recompile pc=0x0000000004e47164 method=org.objectweb.asm.ClassReader.readCode(Lorg/objectweb/asm/MethodVisitor;Lorg/objectweb/asm/Context;I)V @ 2753
Event: 39.850 Thread 0x000000001891d000 Uncommon trap: reason=unstable_if action=reinterpret pc=0x00000000032daf64 method=com.google.common.collect.Iterators.forArray([Ljava/lang/Object;III)Lcom/google/common/collect/UnmodifiableListIterator; @ 32
Event: 39.852 Thread 0x000000001891d000 Uncommon trap: reason=unstable_if action=reinterpret pc=0x00000000046632ac method=com.google.common.collect.Iterators.forArray([Ljava/lang/Object;III)Lcom/google/common/collect/UnmodifiableListIterator; @ 32
Event: 39.876 Thread 0x000000001b9c0800 Uncommon trap: reason=unstable_if action=reinterpret pc=0x0000000003d1fe14 method=java.util.regex.Pattern.newSlice([IIZ)Ljava/util/regex/Pattern$Node; @ 10
Event: 39.885 Thread 0x000000001b9c0800 Uncommon trap: reason=unstable_if action=reinterpret pc=0x000000000496b87c method=sun.nio.fs.WindowsPathParser.isSlash(C)Z @ 9
Event: 39.885 Thread 0x000000001b9c0800 Uncommon trap: reason=unstable_if action=reinterpret pc=0x0000000003cd9724 method=sun.nio.fs.WindowsPathParser.isSlash(C)Z @ 9
Event: 39.885 Thread 0x000000001b9c0800 Uncommon trap: reason=unstable_if action=reinterpret pc=0x0000000002e92e78 method=sun.nio.fs.WindowsPathParser.isSlash(C)Z @ 9
Event: 40.032 Thread 0x000000001b9c2000 Uncommon trap: reason=unstable_if action=reinterpret pc=0x0000000002fbd43c method=java.lang.String$CaseInsensitiveComparator.compare(Ljava/lang/String;Ljava/lang/String;)I @ 70

Classes redefined (0 events):
No events

Internal exceptions (10 events):
Event: 13.847 Thread 0x000000001891a000 Exception <a 'java/lang/NoSuchMethodError': <clinit>> (0x00000000e61664c0) thrown at [D:\src\AOSP-openjdk-cygwin\jdk8u\hotspot\src\share\vm\prims\jni.cpp, line 1613]
Event: 13.851 Thread 0x000000001891a000 Exception <a 'java/lang/NoSuchMethodError': <clinit>> (0x00000000e617c7b8) thrown at [D:\src\AOSP-openjdk-cygwin\jdk8u\hotspot\src\share\vm\prims\jni.cpp, line 1613]
Event: 13.855 Thread 0x000000001891a000 Exception <a 'java/lang/NoSuchMethodError': <clinit>> (0x00000000e6187c70) thrown at [D:\src\AOSP-openjdk-cygwin\jdk8u\hotspot\src\share\vm\prims\jni.cpp, line 1613]
Event: 22.442 Thread 0x000000001891d000 Implicit null exception at 0x000000000426cfe3 to 0x000000000426d6bd
Event: 33.753 Thread 0x000000001b9c2000 Exception <a 'sun/nio/fs/WindowsException'> (0x00000000e8adbd60) thrown at [D:\src\AOSP-openjdk-cygwin\jdk8u\hotspot\src\share\vm\prims\jni.cpp, line 709]
Event: 39.874 Thread 0x000000001b9c0800 Exception <a 'java/lang/NoSuchMethodError': java.lang.Object.lambda$and$0(Ljava/util/function/Predicate;Ljava/lang/Object;)Z> (0x00000000e13cdcf0) thrown at [D:\src\AOSP-openjdk-cygwin\jdk8u\hotspot\src\share\vm\interpreter\linkResolver.cpp, line 584]
Event: 39.878 Thread 0x000000001b9c2000 Exception <a 'java/lang/NoSuchMethodError': java.lang.Object.lambda$and$0(Ljava/util/function/Predicate;Ljava/lang/Object;)Z> (0x00000000e1296058) thrown at [D:\src\AOSP-openjdk-cygwin\jdk8u\hotspot\src\share\vm\interpreter\linkResolver.cpp, line 584]
Event: 39.881 Thread 0x000000001b9c0800 Exception <a 'java/lang/NoSuchMethodError': java.lang.Object.lambda$static$0(Ljava/lang/String;)Z> (0x00000000e13e0a70) thrown at [D:\src\AOSP-openjdk-cygwin\jdk8u\hotspot\src\share\vm\interpreter\linkResolver.cpp, line 584]
Event: 40.052 Thread 0x000000001b9c0800 Exception <a 'sun/nio/fs/WindowsException'> (0x00000000e229ec38) thrown at [D:\src\AOSP-openjdk-cygwin\jdk8u\hotspot\src\share\vm\prims\jni.cpp, line 709]
Event: 40.193 Thread 0x000000001b9c3000 Exception <a 'sun/nio/fs/WindowsException'> (0x00000000e2f45440) thrown at [D:\src\AOSP-openjdk-cygwin\jdk8u\hotspot\src\share\vm\prims\jni.cpp, line 709]

Events (10 events):
Event: 40.189 loading class com/android/tools/r8/graph/DexDebugEvent
Event: 40.189 loading class com/android/tools/r8/graph/DexDebugEvent done
Event: 40.189 loading class com/android/tools/r8/graph/DexDebugEvent$SetPrologueEnd
Event: 40.189 loading class com/android/tools/r8/graph/DexDebugEvent$SetPrologueEnd done
Event: 40.191 loading class com/android/tools/r8/graph/DexItemFactory$StringBuildingMethods
Event: 40.191 loading class com/android/tools/r8/graph/DexItemFactory$StringBuildingMethods done
Event: 40.192 loading class com/android/tools/r8/graph/DexTypeList
Event: 40.192 loading class com/android/tools/r8/graph/DexTypeList done
Event: 40.193 loading class com/android/tools/r8/utils/IdentifierUtils
Event: 40.193 loading class com/android/tools/r8/utils/IdentifierUtils done


Dynamic libraries:
0x00007ff75f500000 - 0x00007ff75f531000 	C:\Program Files\Android\Android Studio\jre\bin\java.exe
0x00007ffcbd6c0000 - 0x00007ffcbd8a1000 	C:\WINDOWS\SYSTEM32\ntdll.dll
0x00007ffcbd560000 - 0x00007ffcbd612000 	C:\WINDOWS\System32\KERNEL32.DLL
0x00007ffcba0c0000 - 0x00007ffcba333000 	C:\WINDOWS\System32\KERNELBASE.dll
0x00007ffcbc140000 - 0x00007ffcbc1e1000 	C:\WINDOWS\System32\ADVAPI32.dll
0x00007ffcbcda0000 - 0x00007ffcbce3e000 	C:\WINDOWS\System32\msvcrt.dll
0x00007ffcbbfd0000 - 0x00007ffcbc02b000 	C:\WINDOWS\System32\sechost.dll
0x00007ffcbd3b0000 - 0x00007ffcbd4d4000 	C:\WINDOWS\System32\RPCRT4.dll
0x00007ffcbd040000 - 0x00007ffcbd1d0000 	C:\WINDOWS\System32\USER32.dll
0x00007ffcb9d60000 - 0x00007ffcb9d80000 	C:\WINDOWS\System32\win32u.dll
0x00007ffcbc520000 - 0x00007ffcbc548000 	C:\WINDOWS\System32\GDI32.dll
0x00007ffcb9bc0000 - 0x00007ffcb9d52000 	C:\WINDOWS\System32\gdi32full.dll
0x00007ffcb9dd0000 - 0x00007ffcb9e6f000 	C:\WINDOWS\System32\msvcp_win.dll
0x00007ffcbaa50000 - 0x00007ffcbab4a000 	C:\WINDOWS\System32\ucrtbase.dll
0x00007ffcab4a0000 - 0x00007ffcab709000 	C:\WINDOWS\WinSxS\amd64_microsoft.windows.common-controls_6595b64144ccf1df_6.0.17134.407_none_fb449d63306391e9\COMCTL32.dll
0x00007ffcbc1f0000 - 0x00007ffcbc512000 	C:\WINDOWS\System32\combase.dll
0x00007ffcb9b40000 - 0x00007ffcb9bba000 	C:\WINDOWS\System32\bcryptPrimitives.dll
0x00007ffcbab60000 - 0x00007ffcbab8d000 	C:\WINDOWS\System32\IMM32.DLL
0x0000000051b70000 - 0x0000000051c42000 	C:\Program Files\Android\Android Studio\jre\jre\bin\msvcr100.dll
0x0000000051e00000 - 0x000000005263f000 	C:\Program Files\Android\Android Studio\jre\jre\bin\server\jvm.dll
0x00007ffcbab50000 - 0x00007ffcbab58000 	C:\WINDOWS\System32\PSAPI.DLL
0x00007ffcb6490000 - 0x00007ffcb64b3000 	C:\WINDOWS\SYSTEM32\WINMM.dll
0x00007ffcb0ba0000 - 0x00007ffcb0baa000 	C:\WINDOWS\SYSTEM32\VERSION.dll
0x00007ffcb6460000 - 0x00007ffcb648a000 	C:\WINDOWS\SYSTEM32\winmmbase.dll
0x00007ffcb9d80000 - 0x00007ffcb9dc9000 	C:\WINDOWS\System32\cfgmgr32.dll
0x00007ffcb85c0000 - 0x00007ffcb85c9000 	C:\WINDOWS\SYSTEM32\WSOCK32.dll
0x00007ffcbd620000 - 0x00007ffcbd68c000 	C:\WINDOWS\System32\ws2_32.DLL
0x00007ffcb4ce0000 - 0x00007ffcb4cef000 	C:\Program Files\Android\Android Studio\jre\jre\bin\verify.dll
0x00007ffca93f0000 - 0x00007ffca9419000 	C:\Program Files\Android\Android Studio\jre\jre\bin\java.dll
0x00007ffcafa50000 - 0x00007ffcafa66000 	C:\Program Files\Android\Android Studio\jre\jre\bin\zip.dll
0x00007ffcbab90000 - 0x00007ffcbbfcf000 	C:\WINDOWS\System32\SHELL32.dll
0x00007ffcbc090000 - 0x00007ffcbc139000 	C:\WINDOWS\System32\shcore.dll
0x00007ffcba340000 - 0x00007ffcbaa4d000 	C:\WINDOWS\System32\windows.storage.dll
0x00007ffcbd340000 - 0x00007ffcbd391000 	C:\WINDOWS\System32\shlwapi.dll
0x00007ffcb99e0000 - 0x00007ffcb99f1000 	C:\WINDOWS\System32\kernel.appcore.dll
0x00007ffcb9a20000 - 0x00007ffcb9a3f000 	C:\WINDOWS\System32\profapi.dll
0x00007ffcb9a40000 - 0x00007ffcb9a8c000 	C:\WINDOWS\System32\powrprof.dll
0x00007ffcb99d0000 - 0x00007ffcb99da000 	C:\WINDOWS\System32\FLTLIB.DLL
0x00007ffcaf890000 - 0x00007ffcaf8aa000 	C:\Program Files\Android\Android Studio\jre\jre\bin\net.dll
0x00007ffcb91f0000 - 0x00007ffcb9256000 	C:\WINDOWS\system32\mswsock.dll
0x00007ffcaf820000 - 0x00007ffcaf831000 	C:\Program Files\Android\Android Studio\jre\jre\bin\nio.dll
0x00007ffc9b580000 - 0x00007ffc9b59e000 	C:\Users\Cchiv\.gradle\native\25\windows-amd64\native-platform.dll
0x00007ffcb4cd0000 - 0x00007ffcb4cdd000 	C:\Program Files\Android\Android Studio\jre\jre\bin\management.dll
0x00007ffcb93a0000 - 0x00007ffcb93b7000 	C:\WINDOWS\SYSTEM32\CRYPTSP.dll
0x00007ffcb8dd0000 - 0x00007ffcb8e03000 	C:\WINDOWS\system32\rsaenh.dll
0x00007ffcb94d0000 - 0x00007ffcb94f5000 	C:\WINDOWS\SYSTEM32\bcrypt.dll
0x00007ffcb98d0000 - 0x00007ffcb98f8000 	C:\WINDOWS\SYSTEM32\USERENV.dll
0x00007ffcb93c0000 - 0x00007ffcb93cb000 	C:\WINDOWS\SYSTEM32\CRYPTBASE.dll
0x00007ffcb8f70000 - 0x00007ffcb8fa8000 	C:\WINDOWS\SYSTEM32\IPHLPAPI.DLL
0x00007ffcbd1d0000 - 0x00007ffcbd1d8000 	C:\WINDOWS\System32\NSI.dll
0x00007ffcac990000 - 0x00007ffcac9a6000 	C:\WINDOWS\SYSTEM32\dhcpcsvc6.DLL
0x00007ffcae8c0000 - 0x00007ffcae8da000 	C:\WINDOWS\SYSTEM32\dhcpcsvc.DLL

VM Arguments:
jvm_args: -Xmx1536m -Dfile.encoding=windows-1252 -Duser.country=GB -Duser.language=en -Duser.variant 
java_command: org.gradle.launcher.daemon.bootstrap.GradleDaemon 4.6
java_class_path (initial): C:\Users\Cchiv\.gradle\wrapper\dists\gradle-4.6-all\bcst21l2brirad8k2ben1letg\gradle-4.6\lib\gradle-launcher-4.6.jar
Launcher Type: SUN_STANDARD

Environment Variables:
PATH=C:\Program Files (x86)\Common Files\Oracle\Java\javapath;C:\Program Files (x86)\Intel\iCLS Client\;C:\Program Files\Intel\iCLS Client\;C:\WINDOWS\system32;C:\WINDOWS;C:\WINDOWS\System32\Wbem;C:\WINDOWS\System32\WindowsPowerShell\v1.0\;C:\Program Files (x86)\Intel\Intel(R) Management Engine Components\DAL;C:\Program Files\Intel\Intel(R) Management Engine Components\DAL;C:\Program Files (x86)\Intel\Intel(R) Management Engine Components\IPT;C:\Program Files\Intel\Intel(R) Management Engine Components\IPT;C:\WINDOWS\System32\OpenSSH\;C:\Program Files\Git\cmd;C:\cygwin64;C:\Program Files\nodejs\;C:\Program Files\Intel\WiFi\bin\;C:\Program Files\Common Files\Intel\WirelessCommon\;C:\Sqlite;C:\Program Files\Android\Android Studio\gradle\gradle-4.4\bin;C:\Program Files\Android\Android Studio\jre\jre\bin;C:\Users\Cchiv\AppData\Local\Google\Cloud SDK\google-cloud-sdk.staging\bin;C:\Users\Cchiv\Anaconda3\;C:\Users\Cchiv\Anaconda3\Scripts\;C:\Users\Cchiv\AppData\Local\Microsoft\WindowsApps;C:\Users\Cchiv\AppData\Local\atom\bin;C:\cygwin64\bin;C:\Users\Cchiv\AppData\Roaming\npm;C:\Program Files\Heroku\bin;C:\Program Files\nodejs\node;C:\Program Files\Intel\WiFi\bin\;C:\Program Files\Common Files\Intel\WirelessCommon\;C:\Users\Cchiv\AppData\Local\Google\Cloud SDK\google-cloud-sdk\bin
USERNAME=Cchiv
OS=Windows_NT
PROCESSOR_IDENTIFIER=Intel64 Family 6 Model 78 Stepping 3, GenuineIntel



---------------  S Y S T E M  ---------------

OS: Windows 10.0 , 64 bit Build 17134 (10.0.17134.1)

CPU:total 4 (initial active 4) (2 cores per cpu, 2 threads per core) family 6 model 78 stepping 3, cmov, cx8, fxsr, mmx, sse, sse2, sse3, ssse3, sse4.1, sse4.2, popcnt, avx, avx2, aes, clmul, erms, 3dnowpref, lzcnt, ht, tsc, tscinvbit, bmi1, bmi2, adx

Memory: 4k page, physical 8276896k(1026424k free), swap 10239420k(5208k free)

vm_info: OpenJDK 64-Bit Server VM (25.152-b02) for windows-amd64 JRE (1.8.0_152-release-1024-b02), built by "builder" with MS VC++ 10.0 (VS2010)

time: Sat Nov 24 12:05:47 2018
elapsed time: 40 seconds (0d 0h 0m 40s)

